<?xml version="1.0" encoding="UTF-8"?>
<coverage generated="1593374610890" clover="3.2.0">
  <project timestamp="1593374610890" name="All files">
    <metrics statements="43" coveredstatements="42" conditionals="14" coveredconditionals="13" methods="10" coveredmethods="10" elements="67" coveredelements="65" complexity="0" loc="43" ncloc="43" packages="1" files="4" classes="4"/>
    <file name="getIntersection.js" path="/home/chiga2030/webDev/unit-tests-hw/getIntersection.js">
      <metrics statements="14" coveredstatements="14" conditionals="6" coveredconditionals="6" methods="3" coveredmethods="3"/>
      <line num="16" count="15" type="stmt"/>
      <line num="17" count="15" type="stmt"/>
      <line num="19" count="15" type="stmt"/>
      <line num="20" count="81" type="stmt"/>
      <line num="22" count="81" type="cond" truecount="2" falsecount="0"/>
      <line num="23" count="49" type="stmt"/>
      <line num="24" count="49" type="stmt"/>
      <line num="29" count="54" type="cond" truecount="2" falsecount="0"/>
      <line num="30" count="33" type="stmt"/>
      <line num="32" count="21" type="cond" truecount="2" falsecount="0"/>
      <line num="33" count="20" type="stmt"/>
      <line num="36" count="1" type="stmt"/>
      <line num="39" count="15" type="stmt"/>
      <line num="42" count="1" type="stmt"/>
    </file>
    <file name="groupBy.js" path="/home/chiga2030/webDev/unit-tests-hw/groupBy.js">
      <metrics statements="11" coveredstatements="11" conditionals="2" coveredconditionals="2" methods="1" coveredmethods="1"/>
      <line num="13" count="1" type="stmt"/>
      <line num="14" count="9" type="stmt"/>
      <line num="15" count="9" type="stmt"/>
      <line num="17" count="9" type="stmt"/>
      <line num="18" count="45" type="stmt"/>
      <line num="19" count="45" type="stmt"/>
      <line num="21" count="45" type="cond" truecount="2" falsecount="0"/>
      <line num="22" count="24" type="stmt"/>
      <line num="25" count="45" type="stmt"/>
      <line num="28" count="9" type="stmt"/>
      <line num="31" count="1" type="stmt"/>
    </file>
    <file name="limitCalls.js" path="/home/chiga2030/webDev/unit-tests-hw/limitCalls.js">
      <metrics statements="7" coveredstatements="7" conditionals="2" coveredconditionals="2" methods="2" coveredmethods="2"/>
      <line num="23" count="3" type="stmt"/>
      <line num="25" count="3" type="stmt"/>
      <line num="26" count="8" type="cond" truecount="2" falsecount="0"/>
      <line num="27" count="3" type="stmt"/>
      <line num="29" count="3" type="stmt"/>
      <line num="32" count="5" type="stmt"/>
      <line num="36" count="1" type="stmt"/>
    </file>
    <file name="promiseAll.js" path="/home/chiga2030/webDev/unit-tests-hw/promiseAll.js">
      <metrics statements="11" coveredstatements="10" conditionals="4" coveredconditionals="3" methods="4" coveredmethods="4"/>
      <line num="8" count="3" type="stmt"/>
      <line num="9" count="3" type="cond" truecount="2" falsecount="0"/>
      <line num="10" count="1" type="stmt"/>
      <line num="13" count="3" type="stmt"/>
      <line num="14" count="4" type="stmt"/>
      <line num="15" count="1" type="stmt"/>
      <line num="16" count="1" type="stmt"/>
      <line num="17" count="1" type="cond" truecount="1" falsecount="1"/>
      <line num="18" count="0" type="stmt"/>
      <line num="22" count="2" type="stmt"/>
      <line num="26" count="1" type="stmt"/>
    </file>
  </project>
</coverage>
