{"/home/chiga2030/webDev/unit-tests-hw/groupBy.js": {"path":"/home/chiga2030/webDev/unit-tests-hw/groupBy.js","statementMap":{"0":{"start":{"line":13,"column":16},"end":{"line":29,"column":1}},"1":{"start":{"line":14,"column":19},"end":{"line":14,"column":21}},"2":{"start":{"line":15,"column":17},"end":{"line":15,"column":33}},"3":{"start":{"line":17,"column":4},"end":{"line":26,"column":5}},"4":{"start":{"line":17,"column":17},"end":{"line":17,"column":18}},"5":{"start":{"line":18,"column":20},"end":{"line":18,"column":27}},"6":{"start":{"line":19,"column":27},"end":{"line":19,"column":49}},"7":{"start":{"line":21,"column":8},"end":{"line":23,"column":9}},"8":{"start":{"line":22,"column":12},"end":{"line":22,"column":36}},"9":{"start":{"line":25,"column":8},"end":{"line":25,"column":42}},"10":{"start":{"line":28,"column":4},"end":{"line":28,"column":18}},"11":{"start":{"line":31,"column":0},"end":{"line":31,"column":25}}},"fnMap":{"0":{"name":"(anonymous_0)","decl":{"start":{"line":13,"column":16},"end":{"line":13,"column":17}},"loc":{"start":{"line":13,"column":29},"end":{"line":29,"column":1}},"line":13}},"branchMap":{"0":{"loc":{"start":{"line":21,"column":8},"end":{"line":23,"column":9}},"type":"if","locations":[{"start":{"line":21,"column":8},"end":{"line":23,"column":9}},{"start":{"line":21,"column":8},"end":{"line":23,"column":9}}],"line":21}},"s":{"0":1,"1":1,"2":1,"3":1,"4":1,"5":2,"6":2,"7":2,"8":1,"9":2,"10":1,"11":1},"f":{"0":1},"b":{"0":[1,1]},"_coverageSchema":"1a1c01bbd47fc00a2c39e90264f33305004495a9","hash":"bc32be10d66a486d80df30016cec4b0633edc2db"}
}
