TN:
SF:getIntersection.js
FN:15,getIntersection
FN:19,(anonymous_1)
FN:28,sortRules
FNF:3
FNH:3
FNDA:15,getIntersection
FNDA:81,(anonymous_1)
FNDA:54,sortRules
DA:16,15
DA:17,15
DA:19,15
DA:20,81
DA:22,81
DA:23,49
DA:24,49
DA:29,54
DA:30,33
DA:32,21
DA:33,20
DA:36,1
DA:39,15
DA:42,1
LF:14
LH:14
BRDA:22,0,0,49
BRDA:22,0,1,32
BRDA:29,1,0,33
BRDA:29,1,1,21
BRDA:32,2,0,20
BRDA:32,2,1,1
BRF:6
BRH:6
end_of_record
TN:
SF:groupBy.js
FN:13,(anonymous_0)
FNF:1
FNH:1
FNDA:9,(anonymous_0)
DA:13,1
DA:14,9
DA:15,9
DA:17,9
DA:18,45
DA:19,45
DA:21,45
DA:22,24
DA:25,45
DA:28,9
DA:31,1
LF:11
LH:11
BRDA:21,0,0,24
BRDA:21,0,1,21
BRF:2
BRH:2
end_of_record
TN:
SF:limitCalls.js
FN:22,limitCalls
FN:25,(anonymous_1)
FNF:2
FNH:2
FNDA:3,limitCalls
FNDA:8,(anonymous_1)
DA:23,3
DA:25,3
DA:26,8
DA:27,3
DA:29,3
DA:32,5
DA:36,1
LF:7
LH:7
BRDA:26,0,0,3
BRDA:26,0,1,5
BRF:2
BRH:2
end_of_record
TN:
SF:promiseAll.js
FN:8,(anonymous_0)
FN:8,(anonymous_1)
FN:13,(anonymous_2)
FN:14,(anonymous_3)
FNF:4
FNH:4
FNDA:3,(anonymous_0)
FNDA:3,(anonymous_1)
FNDA:4,(anonymous_2)
FNDA:1,(anonymous_3)
DA:8,3
DA:9,3
DA:10,1
DA:13,3
DA:14,4
DA:15,1
DA:16,1
DA:17,1
DA:18,0
DA:22,2
DA:26,1
LF:11
LH:10
BRDA:9,0,0,1
BRDA:9,0,1,2
BRDA:17,1,0,0
BRDA:17,1,1,1
BRF:4
BRH:3
end_of_record
