TN:
SF:getMinMax.js
FN:19,getMinMax
FN:23,(anonymous_1)
FN:24,(anonymous_2)
FNF:3
FNH:3
FNDA:6,getMinMax
FNDA:29,(anonymous_1)
FNDA:29,(anonymous_2)
DA:20,6
DA:22,6
DA:23,29
DA:24,29
DA:26,6
DA:29,1
LF:6
LH:6
BRF:0
BRH:0
end_of_record
TN:
SF:meanMode.js
FN:23,meanMode
FN:29,(anonymous_1)
FNF:2
FNH:2
FNDA:17,meanMode
FNDA:138,(anonymous_1)
DA:24,17
DA:25,1
DA:28,16
DA:29,16
DA:30,138
DA:31,57
DA:33,81
DA:36,138
DA:38,16
DA:43,16
DA:44,81
DA:45,24
DA:46,24
DA:49,16
DA:50,57
DA:51,6
DA:55,10
DA:59,1
LF:18
LH:18
BRDA:24,0,0,1
BRDA:24,0,1,16
BRDA:30,1,0,57
BRDA:30,1,1,81
BRDA:44,2,0,24
BRDA:44,2,1,57
BRDA:50,3,0,6
BRDA:50,3,1,51
BRDA:50,4,0,57
BRDA:50,4,1,22
BRF:10
BRH:10
end_of_record
TN:
SF:passwordCheck.js
FN:22,passwordCheck
FNF:1
FNH:1
FNDA:6,passwordCheck
DA:23,6
DA:24,6
DA:25,6
DA:26,6
DA:28,6
DA:31,1
LF:6
LH:6
BRDA:28,0,0,6
BRDA:28,0,1,5
BRDA:28,0,2,4
BRDA:28,0,3,2
BRDA:28,0,4,2
BRF:5
BRH:5
end_of_record
TN:
SF:rle.js
FN:16,rle
FN:17,(anonymous_1)
FNF:2
FNH:2
FNDA:3,rle
FNDA:18,(anonymous_1)
DA:17,18
DA:20,1
LF:2
LH:2
BRDA:17,0,0,6
BRDA:17,0,1,12
BRF:2
BRH:2
end_of_record
TN:
SF:sum.js
FN:14,sum
FN:21,plus
FNF:2
FNH:2
FNDA:5,sum
FNDA:12,plus
DA:15,5
DA:16,1
DA:19,4
DA:22,12
DA:23,3
DA:26,9
DA:28,9
DA:31,4
DA:35,1
LF:9
LH:9
BRDA:15,0,0,1
BRDA:15,0,1,4
BRDA:22,1,0,3
BRDA:22,1,1,9
BRF:4
BRH:4
end_of_record
